# JRE version: 7.0_04-b22
# Java VM: Java HotSpot(TM) Client VM (23.0-b21 mixed mode windows-x86 )
Heap
 def new generation   total 29696K, used 5169K [0x10010000, 0x12040000, 0x24d60000)
  eden space 26432K,   7% used [0x10010000, 0x101ec6e8, 0x119e0000)
  from space 3264K, 100% used [0x119e0000, 0x11d10000, 0x11d10000)
  to   space 3264K,   0% used [0x11d10000, 0x11d10000, 0x12040000)
 tenured generation   total 65868K, used 53352K [0x24d60000, 0x28db3000, 0x4e810000)
   the space 65868K,  80% used [0x24d60000, 0x2817a140, 0x2817a200, 0x28db3000)
 compacting perm gen  total 12288K, used 10332K [0x4e810000, 0x4f410000, 0x52810000)
   the space 12288K,  84% used [0x4e810000, 0x4f227350, 0x4f227400, 0x4f410000)
GC Heap History (10 events):
Event: 10.783 GC heap before
{Heap before GC invocations=10 (full 2):
 def new generation   total 16192K, used 14201K [0x10010000, 0x111a0000, 0x24d60000)
  eden space 14400K,  98% used [0x10010000, 0x10dee4a8, 0x10e20000)
  from space 1792K,   0% used [0x10e20000, 0x10e20000, 0x10fe0000)
  to   space 1792K,   0% used [0x10fe0000, 0x10fe0000, 0x111a0000)
 tenured generation   total 35928K, used 21554K [0x24d60000, 0x27076000, 0x4e810000)
   the space 35928K,  59% used [0x24d60000, 0x2626ca78, 0x2626cc00, 0x27076000)
 compacting perm gen  total 12288K, used 9821K [0x4e810000, 0x4f410000, 0x52810000)
   the space 12288K,  79% used [0x4e810000, 0x4f1a77c0, 0x4f1a7800, 0x4f410000)
No shared spaces configured.
Event: 10.791 GC heap after
Heap after GC invocations=11 (full 2):
 def new generation   total 16192K, used 1556K [0x10010000, 0x111a0000, 0x24d60000)
  eden space 14400K,   0% used [0x10010000, 0x10010000, 0x10e20000)
  from space 1792K,  86% used [0x10fe0000, 0x11165238, 0x111a0000)
  to   space 1792K,   0% used [0x10e20000, 0x10e20000, 0x10fe0000)
 tenured generation   total 35928K, used 26674K [0x24d60000, 0x27076000, 0x4e810000)
   the space 35928K,  74% used [0x24d60000, 0x2676cbb8, 0x2676cc00, 0x27076000)
 compacting perm gen  total 12288K, used 9821K [0x4e810000, 0x4f410000, 0x52810000)
   the space 12288K,  79% used [0x4e810000, 0x4f1a77c0, 0x4f1a7800, 0x4f410000)
No shared spaces configured.
}
Event: 10.892 GC heap before
{Heap before GC invocations=11 (full 2):
 def new generation   total 16192K, used 15895K [0x10010000, 0x111a0000, 0x24d60000)
  eden space 14400K,  99% used [0x10010000, 0x10e10c60, 0x10e20000)
  from space 1792K,  86% used [0x10fe0000, 0x11165238, 0x111a0000)
  to   space 1792K,   0% used [0x10e20000, 0x10e20000, 0x10fe0000)
 tenured generation   total 35928K, used 26674K [0x24d60000, 0x27076000, 0x4e810000)
   the space 35928K,  74% used [0x24d60000, 0x2676cbb8, 0x2676cc00, 0x27076000)
 compacting perm gen  total 12288K, used 9821K [0x4e810000, 0x4f410000, 0x52810000)
   the space 12288K,  79% used [0x4e810000, 0x4f1a77c0, 0x4f1a7800, 0x4f410000)
No shared spaces configured.
Event: 10.896 GC heap after
Heap after GC invocations=12 (full 2):
 def new generation   total 16192K, used 1587K [0x10010000, 0x111a0000, 0x24d60000)
  eden space 14400K,   0% used [0x10010000, 0x10010000, 0x10e20000)
  from space 1792K,  88% used [0x10e20000, 0x10facc40, 0x10fe0000)
  to   space 1792K,   0% used [0x10fe0000, 0x10fe0000, 0x111a0000)
 tenured generation   total 35928K, used 33075K [0x24d60000, 0x27076000, 0x4e810000)
   the space 35928K,  92% used [0x24d60000, 0x26dacdd8, 0x26dace00, 0x27076000)
 compacting perm gen  total 12288K, used 9821K [0x4e810000, 0x4f410000, 0x52810000)
   the space 12288K,  79% used [0x4e810000, 0x4f1a77c0, 0x4f1a7800, 0x4f410000)
No shared spaces configured.
}
Event: 11.000 GC heap before
{Heap before GC invocations=12 (full 2):
 def new generation   total 16192K, used 15811K [0x10010000, 0x111a0000, 0x24d60000)
  eden space 14400K,  98% used [0x10010000, 0x10df41b0, 0x10e20000)
  from space 1792K,  88% used [0x10e20000, 0x10facc40, 0x10fe0000)
  to   space 1792K,   0% used [0x10fe0000, 0x10fe0000, 0x111a0000)
 tenured generation   total 35928K, used 33075K [0x24d60000, 0x27076000, 0x4e810000)
   the space 35928K,  92% used [0x24d60000, 0x26dacdd8, 0x26dace00, 0x27076000)
 compacting perm gen  total 12288K, used 9821K [0x4e810000, 0x4f410000, 0x52810000)
   the space 12288K,  79% used [0x4e810000, 0x4f1a77c0, 0x4f1a7800, 0x4f410000)
No shared spaces configured.
Event: 11.024 GC heap after
Heap after GC invocations=13 (full 3):
 def new generation   total 29696K, used 1543K [0x10010000, 0x12040000, 0x24d60000)
  eden space 26432K,   5% used [0x10010000, 0x10191c38, 0x119e0000)
  from space 3264K,   0% used [0x119e0000, 0x119e0000, 0x11d10000)
  to   space 3264K,   0% used [0x11d10000, 0x11d10000, 0x12040000)
 tenured generation   total 65868K, used 39520K [0x24d60000, 0x28db3000, 0x4e810000)
   the space 65868K,  59% used [0x24d60000, 0x273f80a8, 0x273f8200, 0x28db3000)
 compacting perm gen  total 12288K, used 9821K [0x4e810000, 0x4f410000, 0x52810000)
   the space 12288K,  79% used [0x4e810000, 0x4f1a77c0, 0x4f1a7800, 0x4f410000)
No shared spaces configured.
}
Event: 11.205 GC heap before
{Heap before GC invocations=13 (full 3):
 def new generation   total 29696K, used 26312K [0x10010000, 0x12040000, 0x24d60000)
  eden space 26432K,  99% used [0x10010000, 0x119c2108, 0x119e0000)
  from space 3264K,   0% used [0x119e0000, 0x119e0000, 0x11d10000)
  to   space 3264K,   0% used [0x11d10000, 0x11d10000, 0x12040000)
 tenured generation   total 65868K, used 39520K [0x24d60000, 0x28db3000, 0x4e810000)
   the space 65868K,  59% used [0x24d60000, 0x273f80a8, 0x273f8200, 0x28db3000)
 compacting perm gen  total 12288K, used 9821K [0x4e810000, 0x4f410000, 0x52810000)
   the space 12288K,  79% used [0x4e810000, 0x4f1a77c0, 0x4f1a7800, 0x4f410000)
No shared spaces configured.
Event: 11.216 GC heap after
Heap after GC invocations=14 (full 3):
 def new generation   total 29696K, used 3103K [0x10010000, 0x12040000, 0x24d60000)
  eden space 26432K,   0% used [0x10010000, 0x10010000, 0x119e0000)
  from space 3264K,  95% used [0x11d10000, 0x12017ee8, 0x12040000)
  to   space 3264K,   0% used [0x119e0000, 0x119e0000, 0x11d10000)
 tenured generation   total 65868K, used 49504K [0x24d60000, 0x28db3000, 0x4e810000)
   the space 65868K,  75% used [0x24d60000, 0x27db8318, 0x27db8400, 0x28db3000)
 compacting perm gen  total 12288K, used 9821K [0x4e810000, 0x4f410000, 0x52810000)
   the space 12288K,  79% used [0x4e810000, 0x4f1a77c0, 0x4f1a7800, 0x4f410000)
No shared spaces configured.
}
Event: 34.732 GC heap before
{Heap before GC invocations=14 (full 3):
 def new generation   total 29696K, used 29535K [0x10010000, 0x12040000, 0x24d60000)
  eden space 26432K, 100% used [0x10010000, 0x119e0000, 0x119e0000)
  from space 3264K,  95% used [0x11d10000, 0x12017ee8, 0x12040000)
  to   space 3264K,   0% used [0x119e0000, 0x119e0000, 0x11d10000)
 tenured generation   total 65868K, used 49504K [0x24d60000, 0x28db3000, 0x4e810000)
   the space 65868K,  75% used [0x24d60000, 0x27db8318, 0x27db8400, 0x28db3000)
 compacting perm gen  total 12288K, used 10332K [0x4e810000, 0x4f410000, 0x52810000)
   the space 12288K,  84% used [0x4e810000, 0x4f2271c0, 0x4f227200, 0x4f410000)
No shared spaces configured.
Event: 34.741 GC heap after
Heap after GC invocations=15 (full 3):
 def new generation   total 29696K, used 3264K [0x10010000, 0x12040000, 0x24d60000)
  eden space 26432K,   0% used [0x10010000, 0x10010000, 0x119e0000)
  from space 3264K, 100% used [0x119e0000, 0x11d10000, 0x11d10000)
  to   space 3264K,   0% used [0x11d10000, 0x11d10000, 0x12040000)
 tenured generation   total 65868K, used 53352K [0x24d60000, 0x28db3000, 0x4e810000)
   the space 65868K,  80% used [0x24d60000, 0x2817a140, 0x2817a200, 0x28db3000)
 compacting perm gen  total 12288K, used 10332K [0x4e810000, 0x4f410000, 0x52810000)
   the space 12288K,  84% used [0x4e810000, 0x4f2271c0, 0x4f227200, 0x4f410000)
No shared spaces configured.
}

