# JRE version: 7.0_04-b22
# Java VM: Java HotSpot(TM) Client VM (23.0-b21 mixed mode, sharing windows-x86 )
Heap
 def new generation   total 21696K, used 16754K [0x247c0000, 0x25f40000, 0x29d10000)
  eden space 19328K,  86% used [0x247c0000, 0x2581cab8, 0x25aa0000)
  from space 2368K,   0% used [0x25aa0000, 0x25aa0000, 0x25cf0000)
  to   space 2368K,   0% used [0x25cf0000, 0x25cf0000, 0x25f40000)
 tenured generation   total 48048K, used 28826K [0x29d10000, 0x2cbfc000, 0x347c0000)
   the space 48048K,  59% used [0x29d10000, 0x2b936b28, 0x2b936c00, 0x2cbfc000)
 compacting perm gen  total 12288K, used 3632K [0x347c0000, 0x353c0000, 0x387c0000)
   the space 12288K,  29% used [0x347c0000, 0x34b4c0f0, 0x34b4c200, 0x353c0000)
    ro space 10240K,  45% used [0x387c0000, 0x38c43958, 0x38c43a00, 0x391c0000)
    rw space 12288K,  54% used [0x391c0000, 0x39847498, 0x39847600, 0x39dc0000)
GC Heap History (10 events):
Event: 7.422 GC heap before
{Heap before GC invocations=2 (full 0):
 def new generation   total 4928K, used 4737K [0x247c0000, 0x24d10000, 0x29d10000)
  eden space 4416K,  95% used [0x247c0000, 0x24be05b0, 0x24c10000)
  from space 512K, 100% used [0x24c10000, 0x24c90000, 0x24c90000)
  to   space 512K,   0% used [0x24c90000, 0x24c90000, 0x24d10000)
 tenured generation   total 10944K, used 1752K [0x29d10000, 0x2a7c0000, 0x347c0000)
   the space 10944K,  16% used [0x29d10000, 0x29ec6388, 0x29ec6400, 0x2a7c0000)
 compacting perm gen  total 12288K, used 3339K [0x347c0000, 0x353c0000, 0x387c0000)
   the space 12288K,  27% used [0x347c0000, 0x34b02f98, 0x34b03000, 0x353c0000)
    ro space 10240K,  45% used [0x387c0000, 0x38c43958, 0x38c43a00, 0x391c0000)
    rw space 12288K,  54% used [0x391c0000, 0x39847498, 0x39847600, 0x39dc0000)
Event: 7.427 GC heap after
Heap after GC invocations=3 (full 0):
 def new generation   total 4928K, used 217K [0x247c0000, 0x24d10000, 0x29d10000)
  eden space 4416K,   0% used [0x247c0000, 0x247c0000, 0x24c10000)
  from space 512K,  42% used [0x24c90000, 0x24cc6670, 0x24d10000)
  to   space 512K,   0% used [0x24c10000, 0x24c10000, 0x24c90000)
 tenured generation   total 10944K, used 5213K [0x29d10000, 0x2a7c0000, 0x347c0000)
   the space 10944K,  47% used [0x29d10000, 0x2a227698, 0x2a227800, 0x2a7c0000)
 compacting perm gen  total 12288K, used 3339K [0x347c0000, 0x353c0000, 0x387c0000)
   the space 12288K,  27% used [0x347c0000, 0x34b02f98, 0x34b03000, 0x353c0000)
    ro space 10240K,  45% used [0x387c0000, 0x38c43958, 0x38c43a00, 0x391c0000)
    rw space 12288K,  54% used [0x391c0000, 0x39847498, 0x39847600, 0x39dc0000)
}
Event: 7.451 GC heap before
{Heap before GC invocations=3 (full 0):
 def new generation   total 4928K, used 4623K [0x247c0000, 0x24d10000, 0x29d10000)
  eden space 4416K,  99% used [0x247c0000, 0x24c0d758, 0x24c10000)
  from space 512K,  42% used [0x24c90000, 0x24cc6670, 0x24d10000)
  to   space 512K,   0% used [0x24c10000, 0x24c10000, 0x24c90000)
 tenured generation   total 10944K, used 5213K [0x29d10000, 0x2a7c0000, 0x347c0000)
   the space 10944K,  47% used [0x29d10000, 0x2a227698, 0x2a227800, 0x2a7c0000)
 compacting perm gen  total 12288K, used 3339K [0x347c0000, 0x353c0000, 0x387c0000)
   the space 12288K,  27% used [0x347c0000, 0x34b02f98, 0x34b03000, 0x353c0000)
    ro space 10240K,  45% used [0x387c0000, 0x38c43958, 0x38c43a00, 0x391c0000)
    rw space 12288K,  54% used [0x391c0000, 0x39847498, 0x39847600, 0x39dc0000)
Event: 7.454 GC heap after
Heap after GC invocations=4 (full 0):
 def new generation   total 4928K, used 39K [0x247c0000, 0x24d10000, 0x29d10000)
  eden space 4416K,   0% used [0x247c0000, 0x247c0000, 0x24c10000)
  from space 512K,   7% used [0x24c10000, 0x24c19f30, 0x24c90000)
  to   space 512K,   0% used [0x24c90000, 0x24c90000, 0x24d10000)
 tenured generation   total 10944K, used 9309K [0x29d10000, 0x2a7c0000, 0x347c0000)
   the space 10944K,  85% used [0x29d10000, 0x2a627718, 0x2a627800, 0x2a7c0000)
 compacting perm gen  total 12288K, used 3339K [0x347c0000, 0x353c0000, 0x387c0000)
   the space 12288K,  27% used [0x347c0000, 0x34b02f98, 0x34b03000, 0x353c0000)
    ro space 10240K,  45% used [0x387c0000, 0x38c43958, 0x38c43a00, 0x391c0000)
    rw space 12288K,  54% used [0x391c0000, 0x39847498, 0x39847600, 0x39dc0000)
}
Event: 7.475 GC heap before
{Heap before GC invocations=4 (full 0):
 def new generation   total 4928K, used 4435K [0x247c0000, 0x24d10000, 0x29d10000)
  eden space 4416K,  99% used [0x247c0000, 0x24c0ae50, 0x24c10000)
  from space 512K,   7% used [0x24c10000, 0x24c19f30, 0x24c90000)
  to   space 512K,   0% used [0x24c90000, 0x24c90000, 0x24d10000)
 tenured generation   total 10944K, used 9309K [0x29d10000, 0x2a7c0000, 0x347c0000)
   the space 10944K,  85% used [0x29d10000, 0x2a627718, 0x2a627800, 0x2a7c0000)
 compacting perm gen  total 12288K, used 3339K [0x347c0000, 0x353c0000, 0x387c0000)
   the space 12288K,  27% used [0x347c0000, 0x34b02f98, 0x34b03000, 0x353c0000)
    ro space 10240K,  45% used [0x387c0000, 0x38c43958, 0x38c43a00, 0x391c0000)
    rw space 12288K,  54% used [0x391c0000, 0x39847498, 0x39847600, 0x39dc0000)
Event: 7.498 GC heap after
Heap after GC invocations=5 (full 1):
 def new generation   total 10176K, used 0K [0x247c0000, 0x252c0000, 0x29d10000)
  eden space 9088K,   0% used [0x247c0000, 0x247c0000, 0x250a0000)
  from space 1088K,   0% used [0x250a0000, 0x250a0000, 0x251b0000)
  to   space 1088K,   0% used [0x251b0000, 0x251b0000, 0x252c0000)
 tenured generation   total 22412K, used 13445K [0x29d10000, 0x2b2f3000, 0x347c0000)
   the space 22412K,  59% used [0x29d10000, 0x2aa317d8, 0x2aa31800, 0x2b2f3000)
 compacting perm gen  total 12288K, used 3339K [0x347c0000, 0x353c0000, 0x387c0000)
   the space 12288K,  27% used [0x347c0000, 0x34b02f98, 0x34b03000, 0x353c0000)
    ro space 10240K,  45% used [0x387c0000, 0x38c43958, 0x38c43a00, 0x391c0000)
    rw space 12288K,  54% used [0x391c0000, 0x39847498, 0x39847600, 0x39dc0000)
}
Event: 7.541 GC heap before
{Heap before GC invocations=5 (full 1):
 def new generation   total 10176K, used 8783K [0x247c0000, 0x252c0000, 0x29d10000)
  eden space 9088K,  96% used [0x247c0000, 0x25053ea0, 0x250a0000)
  from space 1088K,   0% used [0x250a0000, 0x250a0000, 0x251b0000)
  to   space 1088K,   0% used [0x251b0000, 0x251b0000, 0x252c0000)
 tenured generation   total 22412K, used 13445K [0x29d10000, 0x2b2f3000, 0x347c0000)
   the space 22412K,  59% used [0x29d10000, 0x2aa317d8, 0x2aa31800, 0x2b2f3000)
 compacting perm gen  total 12288K, used 3339K [0x347c0000, 0x353c0000, 0x387c0000)
   the space 12288K,  27% used [0x347c0000, 0x34b02f98, 0x34b03000, 0x353c0000)
    ro space 10240K,  45% used [0x387c0000, 0x38c43958, 0x38c43a00, 0x391c0000)
    rw space 12288K,  54% used [0x391c0000, 0x39847498, 0x39847600, 0x39dc0000)
Event: 7.546 GC heap after
Heap after GC invocations=6 (full 1):
 def new generation   total 10176K, used 1047K [0x247c0000, 0x252c0000, 0x29d10000)
  eden space 9088K,   0% used [0x247c0000, 0x247c0000, 0x250a0000)
  from space 1088K,  96% used [0x251b0000, 0x252b5cc0, 0x252c0000)
  to   space 1088K,   0% used [0x250a0000, 0x250a0000, 0x251b0000)
 tenured generation   total 22412K, used 20614K [0x29d10000, 0x2b2f3000, 0x347c0000)
   the space 22412K,  91% used [0x29d10000, 0x2b1318b8, 0x2b131a00, 0x2b2f3000)
 compacting perm gen  total 12288K, used 3339K [0x347c0000, 0x353c0000, 0x387c0000)
   the space 12288K,  27% used [0x347c0000, 0x34b02f98, 0x34b03000, 0x353c0000)
    ro space 10240K,  45% used [0x387c0000, 0x38c43958, 0x38c43a00, 0x391c0000)
    rw space 12288K,  54% used [0x391c0000, 0x39847498, 0x39847600, 0x39dc0000)
}
Event: 7.589 GC heap before
{Heap before GC invocations=6 (full 1):
 def new generation   total 10176K, used 9833K [0x247c0000, 0x252c0000, 0x29d10000)
  eden space 9088K,  96% used [0x247c0000, 0x25054b38, 0x250a0000)
  from space 1088K,  96% used [0x251b0000, 0x252b5cc0, 0x252c0000)
  to   space 1088K,   0% used [0x250a0000, 0x250a0000, 0x251b0000)
 tenured generation   total 22412K, used 20614K [0x29d10000, 0x2b2f3000, 0x347c0000)
   the space 22412K,  91% used [0x29d10000, 0x2b1318b8, 0x2b131a00, 0x2b2f3000)
 compacting perm gen  total 12288K, used 3339K [0x347c0000, 0x353c0000, 0x387c0000)
   the space 12288K,  27% used [0x347c0000, 0x34b02fb8, 0x34b03000, 0x353c0000)
    ro space 10240K,  45% used [0x387c0000, 0x38c43958, 0x38c43a00, 0x391c0000)
    rw space 12288K,  54% used [0x391c0000, 0x39847498, 0x39847600, 0x39dc0000)
Event: 7.615 GC heap after
Heap after GC invocations=7 (full 2):
 def new generation   total 21696K, used 1027K [0x247c0000, 0x25f40000, 0x29d10000)
  eden space 19328K,   5% used [0x247c0000, 0x248c0fc8, 0x25aa0000)
  from space 2368K,   0% used [0x25aa0000, 0x25aa0000, 0x25cf0000)
  to   space 2368K,   0% used [0x25cf0000, 0x25cf0000, 0x25f40000)
 tenured generation   total 48048K, used 28826K [0x29d10000, 0x2cbfc000, 0x347c0000)
   the space 48048K,  59% used [0x29d10000, 0x2b936b28, 0x2b936c00, 0x2cbfc000)
 compacting perm gen  total 12288K, used 3339K [0x347c0000, 0x353c0000, 0x387c0000)
   the space 12288K,  27% used [0x347c0000, 0x34b02fb8, 0x34b03000, 0x353c0000)
    ro space 10240K,  45% used [0x387c0000, 0x38c43958, 0x38c43a00, 0x391c0000)
    rw space 12288K,  54% used [0x391c0000, 0x39847498, 0x39847600, 0x39dc0000)
}

