# JRE version: 7.0_04-b22
# Java VM: Java HotSpot(TM) Client VM (23.0-b21 mixed mode, sharing windows-x86 )
Heap
 def new generation   total 22464K, used 16171K [0x247c0000, 0x26010000, 0x29d10000)
  eden space 20032K,  68% used [0x247c0000, 0x2552ac58, 0x25b50000)
  from space 2432K, 100% used [0x25db0000, 0x26010000, 0x26010000)
  to   space 2432K,   0% used [0x25b50000, 0x25b50000, 0x25db0000)
 tenured generation   total 49680K, used 39517K [0x29d10000, 0x2cd94000, 0x347c0000)
   the space 49680K,  79% used [0x29d10000, 0x2c3a77f8, 0x2c3a7800, 0x2cd94000)
 compacting perm gen  total 12288K, used 3587K [0x347c0000, 0x353c0000, 0x387c0000)
   the space 12288K,  29% used [0x347c0000, 0x34b40dc0, 0x34b40e00, 0x353c0000)
    ro space 10240K,  45% used [0x387c0000, 0x38c43958, 0x38c43a00, 0x391c0000)
    rw space 12288K,  54% used [0x391c0000, 0x39847498, 0x39847600, 0x39dc0000)
GC Heap History (10 events):
Event: 6.511 GC heap before
{Heap before GC invocations=3 (full 0):
 def new generation   total 4928K, used 4440K [0x247c0000, 0x24d10000, 0x29d10000)
  eden space 4416K,  99% used [0x247c0000, 0x24c0ed58, 0x24c10000)
  from space 512K,   5% used [0x24c90000, 0x24c973f0, 0x24d10000)
  to   space 512K,   0% used [0x24c10000, 0x24c10000, 0x24c90000)
 tenured generation   total 10944K, used 5696K [0x29d10000, 0x2a7c0000, 0x347c0000)
   the space 10944K,  52% used [0x29d10000, 0x2a2a0170, 0x2a2a0200, 0x2a7c0000)
 compacting perm gen  total 12288K, used 2452K [0x347c0000, 0x353c0000, 0x387c0000)
   the space 12288K,  19% used [0x347c0000, 0x34a25068, 0x34a25200, 0x353c0000)
    ro space 10240K,  45% used [0x387c0000, 0x38c43958, 0x38c43a00, 0x391c0000)
    rw space 12288K,  54% used [0x391c0000, 0x39847498, 0x39847600, 0x39dc0000)
Event: 6.514 GC heap after
Heap after GC invocations=4 (full 0):
 def new generation   total 4928K, used 25K [0x247c0000, 0x24d10000, 0x29d10000)
  eden space 4416K,   0% used [0x247c0000, 0x247c0000, 0x24c10000)
  from space 512K,   4% used [0x24c10000, 0x24c16448, 0x24c90000)
  to   space 512K,   0% used [0x24c90000, 0x24c90000, 0x24d10000)
 tenured generation   total 10944K, used 9792K [0x29d10000, 0x2a7c0000, 0x347c0000)
   the space 10944K,  89% used [0x29d10000, 0x2a6a01f0, 0x2a6a0200, 0x2a7c0000)
 compacting perm gen  total 12288K, used 2452K [0x347c0000, 0x353c0000, 0x387c0000)
   the space 12288K,  19% used [0x347c0000, 0x34a25068, 0x34a25200, 0x353c0000)
    ro space 10240K,  45% used [0x387c0000, 0x38c43958, 0x38c43a00, 0x391c0000)
    rw space 12288K,  54% used [0x391c0000, 0x39847498, 0x39847600, 0x39dc0000)
}
Event: 6.536 GC heap before
{Heap before GC invocations=4 (full 0):
 def new generation   total 4928K, used 4419K [0x247c0000, 0x24d10000, 0x29d10000)
  eden space 4416K,  99% used [0x247c0000, 0x24c0a950, 0x24c10000)
  from space 512K,   4% used [0x24c10000, 0x24c16448, 0x24c90000)
  to   space 512K,   0% used [0x24c90000, 0x24c90000, 0x24d10000)
 tenured generation   total 10944K, used 9792K [0x29d10000, 0x2a7c0000, 0x347c0000)
   the space 10944K,  89% used [0x29d10000, 0x2a6a01f0, 0x2a6a0200, 0x2a7c0000)
 compacting perm gen  total 12288K, used 2452K [0x347c0000, 0x353c0000, 0x387c0000)
   the space 12288K,  19% used [0x347c0000, 0x34a25068, 0x34a25200, 0x353c0000)
    ro space 10240K,  45% used [0x387c0000, 0x38c43958, 0x38c43a00, 0x391c0000)
    rw space 12288K,  54% used [0x391c0000, 0x39847498, 0x39847600, 0x39dc0000)
Event: 6.555 GC heap after
Heap after GC invocations=5 (full 1):
 def new generation   total 10496K, used 0K [0x247c0000, 0x25320000, 0x29d10000)
  eden space 9344K,   0% used [0x247c0000, 0x247c0000, 0x250e0000)
  from space 1152K,   0% used [0x250e0000, 0x250e0000, 0x25200000)
  to   space 1152K,   0% used [0x25200000, 0x25200000, 0x25320000)
 tenured generation   total 23192K, used 13913K [0x29d10000, 0x2b3b6000, 0x347c0000)
   the space 23192K,  59% used [0x29d10000, 0x2aaa67f8, 0x2aaa6800, 0x2b3b6000)
 compacting perm gen  total 12288K, used 2452K [0x347c0000, 0x353c0000, 0x387c0000)
   the space 12288K,  19% used [0x347c0000, 0x34a25068, 0x34a25200, 0x353c0000)
    ro space 10240K,  45% used [0x387c0000, 0x38c43958, 0x38c43a00, 0x391c0000)
    rw space 12288K,  54% used [0x391c0000, 0x39847498, 0x39847600, 0x39dc0000)
}
Event: 6.599 GC heap before
{Heap before GC invocations=5 (full 1):
 def new generation   total 10496K, used 8985K [0x247c0000, 0x25320000, 0x29d10000)
  eden space 9344K,  96% used [0x247c0000, 0x25086790, 0x250e0000)
  from space 1152K,   0% used [0x250e0000, 0x250e0000, 0x25200000)
  to   space 1152K,   0% used [0x25200000, 0x25200000, 0x25320000)
 tenured generation   total 23192K, used 13913K [0x29d10000, 0x2b3b6000, 0x347c0000)
   the space 23192K,  59% used [0x29d10000, 0x2aaa67f8, 0x2aaa6800, 0x2b3b6000)
 compacting perm gen  total 12288K, used 2452K [0x347c0000, 0x353c0000, 0x387c0000)
   the space 12288K,  19% used [0x347c0000, 0x34a25068, 0x34a25200, 0x353c0000)
    ro space 10240K,  45% used [0x387c0000, 0x38c43958, 0x38c43a00, 0x391c0000)
    rw space 12288K,  54% used [0x391c0000, 0x39847498, 0x39847600, 0x39dc0000)
Event: 6.604 GC heap after
Heap after GC invocations=6 (full 1):
 def new generation   total 10496K, used 1047K [0x247c0000, 0x25320000, 0x29d10000)
  eden space 9344K,   0% used [0x247c0000, 0x247c0000, 0x250e0000)
  from space 1152K,  90% used [0x25200000, 0x25305d10, 0x25320000)
  to   space 1152K,   0% used [0x250e0000, 0x250e0000, 0x25200000)
 tenured generation   total 23192K, used 21082K [0x29d10000, 0x2b3b6000, 0x347c0000)
   the space 23192K,  90% used [0x29d10000, 0x2b1a68d8, 0x2b1a6a00, 0x2b3b6000)
 compacting perm gen  total 12288K, used 2452K [0x347c0000, 0x353c0000, 0x387c0000)
   the space 12288K,  19% used [0x347c0000, 0x34a25068, 0x34a25200, 0x353c0000)
    ro space 10240K,  45% used [0x387c0000, 0x38c43958, 0x38c43a00, 0x391c0000)
    rw space 12288K,  54% used [0x391c0000, 0x39847498, 0x39847600, 0x39dc0000)
}
Event: 6.649 GC heap before
{Heap before GC invocations=6 (full 1):
 def new generation   total 10496K, used 10384K [0x247c0000, 0x25320000, 0x29d10000)
  eden space 9344K,  99% used [0x247c0000, 0x250de478, 0x250e0000)
  from space 1152K,  90% used [0x25200000, 0x25305d10, 0x25320000)
  to   space 1152K,   0% used [0x250e0000, 0x250e0000, 0x25200000)
 tenured generation   total 23192K, used 21082K [0x29d10000, 0x2b3b6000, 0x347c0000)
   the space 23192K,  90% used [0x29d10000, 0x2b1a68d8, 0x2b1a6a00, 0x2b3b6000)
 compacting perm gen  total 12288K, used 2452K [0x347c0000, 0x353c0000, 0x387c0000)
   the space 12288K,  19% used [0x347c0000, 0x34a25088, 0x34a25200, 0x353c0000)
    ro space 10240K,  45% used [0x387c0000, 0x38c43958, 0x38c43a00, 0x391c0000)
    rw space 12288K,  54% used [0x391c0000, 0x39847498, 0x39847600, 0x39dc0000)
Event: 6.672 GC heap after
Heap after GC invocations=7 (full 2):
 def new generation   total 22464K, used 1028K [0x247c0000, 0x26010000, 0x29d10000)
  eden space 20032K,   5% used [0x247c0000, 0x248c10c0, 0x25b50000)
  from space 2432K,   0% used [0x25b50000, 0x25b50000, 0x25db0000)
  to   space 2432K,   0% used [0x25db0000, 0x25db0000, 0x26010000)
 tenured generation   total 49680K, used 29806K [0x29d10000, 0x2cd94000, 0x347c0000)
   the space 49680K,  59% used [0x29d10000, 0x2ba2bba8, 0x2ba2bc00, 0x2cd94000)
 compacting perm gen  total 12288K, used 2452K [0x347c0000, 0x353c0000, 0x387c0000)
   the space 12288K,  19% used [0x347c0000, 0x34a25088, 0x34a25200, 0x353c0000)
    ro space 10240K,  45% used [0x387c0000, 0x38c43958, 0x38c43a00, 0x391c0000)
    rw space 12288K,  54% used [0x391c0000, 0x39847498, 0x39847600, 0x39dc0000)
}
Event: 12.405 GC heap before
{Heap before GC invocations=7 (full 2):
 def new generation   total 22464K, used 19948K [0x247c0000, 0x26010000, 0x29d10000)
  eden space 20032K,  99% used [0x247c0000, 0x25b3b0f0, 0x25b50000)
  from space 2432K,   0% used [0x25b50000, 0x25b50000, 0x25db0000)
  to   space 2432K,   0% used [0x25db0000, 0x25db0000, 0x26010000)
 tenured generation   total 49680K, used 29806K [0x29d10000, 0x2cd94000, 0x347c0000)
   the space 49680K,  59% used [0x29d10000, 0x2ba2bba8, 0x2ba2bc00, 0x2cd94000)
 compacting perm gen  total 12288K, used 3587K [0x347c0000, 0x353c0000, 0x387c0000)
   the space 12288K,  29% used [0x347c0000, 0x34b40c90, 0x34b40e00, 0x353c0000)
    ro space 10240K,  45% used [0x387c0000, 0x38c43958, 0x38c43a00, 0x391c0000)
    rw space 12288K,  54% used [0x391c0000, 0x39847498, 0x39847600, 0x39dc0000)
Event: 12.417 GC heap after
Heap after GC invocations=8 (full 2):
 def new generation   total 22464K, used 2432K [0x247c0000, 0x26010000, 0x29d10000)
  eden space 20032K,   0% used [0x247c0000, 0x247c0000, 0x25b50000)
  from space 2432K, 100% used [0x25db0000, 0x26010000, 0x26010000)
  to   space 2432K,   0% used [0x25b50000, 0x25b50000, 0x25db0000)
 tenured generation   total 49680K, used 39517K [0x29d10000, 0x2cd94000, 0x347c0000)
   the space 49680K,  79% used [0x29d10000, 0x2c3a77f8, 0x2c3a7800, 0x2cd94000)
 compacting perm gen  total 12288K, used 3587K [0x347c0000, 0x353c0000, 0x387c0000)
   the space 12288K,  29% used [0x347c0000, 0x34b40c90, 0x34b40e00, 0x353c0000)
    ro space 10240K,  45% used [0x387c0000, 0x38c43958, 0x38c43a00, 0x391c0000)
    rw space 12288K,  54% used [0x391c0000, 0x39847498, 0x39847600, 0x39dc0000)
}

